[26-Apr-2017 18:31:03 UTC] PHP Warning:  file_get_contents(http://www.gofwd.mx/web/api/v1/noticias/): failed to open stream: HTTP request failed! HTTP/1.1 404 Not Found
 in /home/ubuntu/workspace/LandingPageGOFWD/noticia.php on line 258
[26-Apr-2017 18:31:03 UTC] PHP Stack trace:
[26-Apr-2017 18:31:03 UTC] PHP   1. {main}() /home/ubuntu/workspace/LandingPageGOFWD/noticia.php:0
[26-Apr-2017 18:31:03 UTC] PHP   2. file_get_contents(*uninitialized*) /home/ubuntu/workspace/LandingPageGOFWD/noticia.php:258
[26-Apr-2017 18:31:04 UTC] PHP Warning:  file_get_contents(http://www.gofwd.mx/web/api/v1/noticias/): failed to open stream: HTTP request failed! HTTP/1.1 404 Not Found
 in /home/ubuntu/workspace/LandingPageGOFWD/noticia.php on line 258
[26-Apr-2017 18:31:04 UTC] PHP Stack trace:
[26-Apr-2017 18:31:04 UTC] PHP   1. {main}() /home/ubuntu/workspace/LandingPageGOFWD/noticia.php:0
[26-Apr-2017 18:31:04 UTC] PHP   2. file_get_contents() /home/ubuntu/workspace/LandingPageGOFWD/noticia.php:258
[13-May-2017 18:25:40 UTC] PHP Fatal error:  Class 'yii\helpers\Url' not found in /home/ubuntu/workspace/mail/nuevo_cliente.php on line 13
[13-May-2017 18:25:40 UTC] PHP Stack trace:
[13-May-2017 18:25:40 UTC] PHP   1. {main}() /home/ubuntu/workspace/mail/nuevo_cliente.php:0
[13-May-2017 18:25:45 UTC] PHP Fatal error:  Class 'yii\helpers\Url' not found in /home/ubuntu/workspace/mail/recuperar_password.php on line 13
[13-May-2017 18:25:45 UTC] PHP Stack trace:
[13-May-2017 18:25:45 UTC] PHP   1. {main}() /home/ubuntu/workspace/mail/recuperar_password.php:0
[13-May-2017 18:34:08 UTC] PHP Fatal error:  Class 'yii\helpers\Url' not found in /home/ubuntu/workspace/mail/nuevo_cliente.php on line 13
[13-May-2017 18:34:08 UTC] PHP Stack trace:
[13-May-2017 18:34:08 UTC] PHP   1. {main}() /home/ubuntu/workspace/mail/nuevo_cliente.php:0
[23-May-2017 17:57:50 UTC] PHP Parse error:  syntax error, unexpected ':', expecting '&' or variable (T_VARIABLE) in /home/ubuntu/workspace/leve/index.php on line 3
